<?xml version="1.0" encoding="UTF-8"?>
<testng-results skipped="0" failed="0" ignored="0" total="1" passed="1">
  <reporter-output>
  </reporter-output>
  <suite name="NewTesting.Jtest.Testing" duration-ms="8739" started-at="2020-04-19T11:55:47Z" finished-at="2020-04-19T11:55:56Z">
    <groups>
    </groups>
    <test name="Command line test" duration-ms="8739" started-at="2020-04-19T11:55:47Z" finished-at="2020-04-19T11:55:56Z">
      <class name="NewTesting.Jtest.Testing">
        <test-method status="PASS" signature="abc()[pri:0, instance:NewTesting.Jtest.Testing@1554909b]" name="abc" duration-ms="8688" started-at="2020-04-19T17:25:47Z" finished-at="2020-04-19T17:25:56Z">
          <reporter-output>
          </reporter-output>
        </test-method> <!-- abc -->
      </class> <!-- NewTesting.Jtest.Testing -->
    </test> <!-- Command line test -->
  </suite> <!-- NewTesting.Jtest.Testing -->
</testng-results>
