<?xml version="1.0" encoding="UTF-8"?>
<testng-results skipped="0" failed="0" ignored="0" total="1" passed="1">
  <reporter-output>
  </reporter-output>
  <suite name="Default suite" duration-ms="8006" started-at="2020-04-19T12:24:31Z" finished-at="2020-04-19T12:24:39Z">
    <groups>
    </groups>
    <test name="Default test" duration-ms="8006" started-at="2020-04-19T12:24:31Z" finished-at="2020-04-19T12:24:39Z">
      <class name="NewTesting.Jtest.Testing">
        <test-method status="PASS" signature="abc()[pri:0, instance:NewTesting.Jtest.Testing@4b9e13df]" name="abc" duration-ms="7967" started-at="2020-04-19T17:54:31Z" finished-at="2020-04-19T17:54:39Z">
          <reporter-output>
          </reporter-output>
        </test-method> <!-- abc -->
      </class> <!-- NewTesting.Jtest.Testing -->
    </test> <!-- Default test -->
  </suite> <!-- Default suite -->
</testng-results>
